<?xml version="1.0" encoding="UTF-8"?>
<testng-results ignored="0" total="1" passed="0" failed="1" skipped="0">
  <reporter-output>
    <line>
      <![CDATA[searching iphone]]>
    </line>
    <line>
      <![CDATA[clicking on iphone 14 pro]]>
    </line>
    <line>
      <![CDATA[Wait for 1000 MS]]>
    </line>
    <line>
      <![CDATA[clicking on iphone128gb ]]>
    </line>
    <line>
      <![CDATA[Wait for 1000 MS]]>
    </line>
    <line>
      <![CDATA[actual name and storage of iphone is Apple iPhone 12 (128GB) - Blue]]>
    </line>
    <line>
      <![CDATA[Reading textfrom property file]]>
    </line>
    <line>
      <![CDATA[Wait for 1000 MS]]>
    </line>
    <line>
      <![CDATA[Clicking on your account button]]>
    </line>
    <line>
      <![CDATA[Closing browser]]>
    </line>
  </reporter-output>
  <suite started-at="2022-12-08T00:08:40 IST" name="Default suite" finished-at="2022-12-08T00:09:02 IST" duration-ms="22255">
    <groups>
    </groups>
    <test started-at="2022-12-08T00:08:40 IST" name="Default test" finished-at="2022-12-08T00:09:02 IST" duration-ms="22255">
      <class name="amazonTestNg.AmazonTestNG">
        <test-method is-config="true" signature="launchbrowser()[pri:0, instance:amazonTestNg.AmazonTestNG@2ea41516]" started-at="2022-12-08T00:08:40 IST" name="launchbrowser" finished-at="2022-12-08T00:08:45 IST" duration-ms="5093" status="PASS">
          <reporter-output>
          </reporter-output>
        </test-method> <!-- launchbrowser -->
        <test-method is-config="true" signature="login()[pri:0, instance:amazonTestNg.AmazonTestNG@2ea41516]" started-at="2022-12-08T00:08:45 IST" name="login" finished-at="2022-12-08T00:08:50 IST" duration-ms="4914" status="PASS">
          <reporter-output>
            <line>
              <![CDATA[searching iphone]]>
            </line>
            <line>
              <![CDATA[clicking on iphone 14 pro]]>
            </line>
            <line>
              <![CDATA[Wait for 1000 MS]]>
            </line>
            <line>
              <![CDATA[clicking on iphone128gb ]]>
            </line>
          </reporter-output>
        </test-method> <!-- login -->
        <test-method signature="validateNameandStorage()[pri:0, instance:amazonTestNg.AmazonTestNG@2ea41516]" started-at="2022-12-08T00:08:50 IST" name="validateNameandStorage" finished-at="2022-12-08T00:08:55 IST" duration-ms="5364" status="FAIL">
          <exception class="java.lang.AssertionError">
            <message>
              <![CDATA[expected [null] but found [Apple iPhone 12 (128GB) - Blue]]]>
            </message>
            <full-stacktrace>
              <![CDATA[java.lang.AssertionError: expected [null] but found [Apple iPhone 12 (128GB) - Blue]
at org.testng.Assert.fail(Assert.java:99)
at org.testng.Assert.failNotEquals(Assert.java:1037)
at org.testng.Assert.assertEqualsImpl(Assert.java:140)
at org.testng.Assert.assertEquals(Assert.java:122)
at org.testng.Assert.assertEquals(Assert.java:629)
at org.testng.Assert.assertEquals(Assert.java:639)
at amazonTestNg.AmazonTestNG.validateNameandStorage(AmazonTestNG.java:52)
at java.base/jdk.internal.reflect.NativeMethodAccessorImpl.invoke0(Native Method)
at java.base/jdk.internal.reflect.NativeMethodAccessorImpl.invoke(NativeMethodAccessorImpl.java:77)
at java.base/jdk.internal.reflect.DelegatingMethodAccessorImpl.invoke(DelegatingMethodAccessorImpl.java:43)
at java.base/java.lang.reflect.Method.invoke(Method.java:568)
at org.testng.internal.MethodInvocationHelper.invokeMethod(MethodInvocationHelper.java:133)
at org.testng.internal.TestInvoker.invokeMethod(TestInvoker.java:598)
at org.testng.internal.TestInvoker.invokeTestMethod(TestInvoker.java:173)
at org.testng.internal.MethodRunner.runInSequence(MethodRunner.java:46)
at org.testng.internal.TestInvoker$MethodInvocationAgent.invoke(TestInvoker.java:824)
at org.testng.internal.TestInvoker.invokeTestMethods(TestInvoker.java:146)
at org.testng.internal.TestMethodWorker.invokeTestMethods(TestMethodWorker.java:146)
at org.testng.internal.TestMethodWorker.run(TestMethodWorker.java:128)
at java.base/java.util.ArrayList.forEach(ArrayList.java:1511)
at org.testng.TestRunner.privateRun(TestRunner.java:794)
at org.testng.TestRunner.run(TestRunner.java:596)
at org.testng.SuiteRunner.runTest(SuiteRunner.java:377)
at org.testng.SuiteRunner.runSequentially(SuiteRunner.java:371)
at org.testng.SuiteRunner.privateRun(SuiteRunner.java:332)
at org.testng.SuiteRunner.run(SuiteRunner.java:276)
at org.testng.SuiteRunnerWorker.runSuite(SuiteRunnerWorker.java:53)
at org.testng.SuiteRunnerWorker.run(SuiteRunnerWorker.java:96)
at org.testng.TestNG.runSuitesSequentially(TestNG.java:1212)
at org.testng.TestNG.runSuitesLocally(TestNG.java:1134)
at org.testng.TestNG.runSuites(TestNG.java:1063)
at org.testng.TestNG.run(TestNG.java:1031)
at org.testng.remote.AbstractRemoteTestNG.run(AbstractRemoteTestNG.java:115)
at org.testng.remote.RemoteTestNG.initAndRun(RemoteTestNG.java:251)
at org.testng.remote.RemoteTestNG.main(RemoteTestNG.java:77)
]]>
            </full-stacktrace>
          </exception> <!-- java.lang.AssertionError -->
          <reporter-output>
            <line>
              <![CDATA[Wait for 1000 MS]]>
            </line>
            <line>
              <![CDATA[actual name and storage of iphone is Apple iPhone 12 (128GB) - Blue]]>
            </line>
            <line>
              <![CDATA[Reading textfrom property file]]>
            </line>
          </reporter-output>
        </test-method> <!-- validateNameandStorage -->
        <test-method is-config="true" signature="signout()[pri:0, instance:amazonTestNg.AmazonTestNG@2ea41516]" started-at="2022-12-08T00:08:55 IST" name="signout" finished-at="2022-12-08T00:09:00 IST" duration-ms="4637" status="PASS">
          <reporter-output>
            <line>
              <![CDATA[Wait for 1000 MS]]>
            </line>
            <line>
              <![CDATA[Clicking on your account button]]>
            </line>
          </reporter-output>
        </test-method> <!-- signout -->
        <test-method is-config="true" signature="closeBrowser()[pri:0, instance:amazonTestNg.AmazonTestNG@2ea41516]" started-at="2022-12-08T00:09:00 IST" name="closeBrowser" finished-at="2022-12-08T00:09:02 IST" duration-ms="2193" status="PASS">
          <reporter-output>
            <line>
              <![CDATA[Closing browser]]>
            </line>
          </reporter-output>
        </test-method> <!-- closeBrowser -->
      </class> <!-- amazonTestNg.AmazonTestNG -->
    </test> <!-- Default test -->
  </suite> <!-- Default suite -->
</testng-results>
